[ 2018-12-26 00:02:32 ]local.INFO:8290 disconnected
[ 2018-12-26 00:19:43 ]local.INFO:8291 disconnected
[ 2018-12-26 00:31:27 ]local.INFO:8292 disconnected
[ 2018-12-26 01:26:58 ]local.INFO:8293 disconnected
[ 2018-12-26 01:26:58 ]local.INFO:8294 disconnected
[ 2018-12-26 01:28:36 ]local.INFO:8295 disconnected
[ 2018-12-26 01:30:19 ]local.INFO:8296 disconnected
[ 2018-12-26 02:13:09 ]local.INFO:8297 disconnected
[ 2018-12-26 02:13:09 ]local.INFO:8298 disconnected
[ 2018-12-26 03:02:22 ]local.INFO:8299 disconnected
[ 2018-12-26 03:19:47 ]local.INFO:8300 disconnected
[ 2018-12-26 03:19:47 ]local.INFO:8301 disconnected
[ 2018-12-26 04:06:38 ]local.INFO:8302 disconnected
[ 2018-12-26 04:24:44 ]local.INFO:8303 disconnected
[ 2018-12-26 04:47:05 ]local.INFO:8304 disconnected
[ 2018-12-26 06:01:44 ]local.INFO:8305 disconnected
[ 2018-12-26 06:01:45 ]local.INFO:8306 disconnected
[ 2018-12-26 06:02:38 ]local.INFO:8307 disconnected
[ 2018-12-26 06:40:44 ]local.INFO:8308 disconnected
[ 2018-12-26 07:16:40 ]local.INFO:8309 disconnected
[ 2018-12-26 07:19:53 ]local.INFO:array (
  'remote_addr' => '113.215.163.216',
  'request_time' => '2018-12-26 07:19:53',
)
[ 2018-12-26 07:19:57 ]local.INFO:Task0Finished

[ 2018-12-26 07:19:58 ]local.INFO:8310 disconnected
[ 2018-12-26 07:19:58 ]local.INFO:array (
  'remote_addr' => '113.215.163.216',
  'request_time' => '2018-12-26 07:19:57',
)
[ 2018-12-26 07:19:59 ]local.INFO:Task1Finished

[ 2018-12-26 07:20:12 ]local.INFO:array (
  'remote_addr' => '113.215.163.216',
  'request_time' => '2018-12-26 07:20:11',
)
[ 2018-12-26 07:20:12 ]local.INFO:array (
  'remote_addr' => '113.215.163.216',
  'request_time' => '2018-12-26 07:20:11',
)
[ 2018-12-26 07:20:14 ]local.INFO:Task0Finished

[ 2018-12-26 07:20:16 ]local.INFO:8313 disconnected
[ 2018-12-26 07:20:25 ]local.INFO:Task2Finished

[ 2018-12-26 07:20:29 ]local.INFO:Task3Finished

[ 2018-12-26 07:20:33 ]local.INFO:8311 disconnected
[ 2018-12-26 07:20:33 ]local.INFO:Task4Finished

[ 2018-12-26 07:20:44 ]local.INFO:8312 disconnected
[ 2018-12-26 07:20:44 ]local.INFO:Task1Finished

[ 2018-12-26 07:36:04 ]local.INFO:array (
  'remote_addr' => '113.215.163.216',
  'request_time' => '2018-12-26 07:36:03',
)
[ 2018-12-26 07:36:06 ]local.INFO:Task5Finished

[ 2018-12-26 07:36:11 ]local.INFO:8314 disconnected
[ 2018-12-26 07:36:11 ]local.INFO:Task6Finished

[ 2018-12-26 07:37:51 ]local.INFO:array (
  'remote_addr' => '113.215.163.216',
  'request_time' => '2018-12-26 07:37:50',
)
[ 2018-12-26 07:37:53 ]local.INFO:8315 disconnected
[ 2018-12-26 08:46:27 ]local.INFO:8316 disconnected
[ 2018-12-26 09:03:17 ]local.INFO:8317 disconnected
[ 2018-12-26 09:03:17 ]local.INFO:8318 disconnected
[ 2018-12-26 09:50:18 ]local.INFO:8319 disconnected
[ 2018-12-26 10:08:40 ]local.INFO:8320 disconnected
[ 2018-12-26 11:15:25 ]local.INFO:8321 disconnected
[ 2018-12-26 11:15:25 ]local.INFO:8322 disconnected
[ 2018-12-26 11:16:53 ]local.INFO:8323 disconnected
[ 2018-12-26 12:13:30 ]local.INFO:8324 disconnected
[ 2018-12-26 13:49:33 ]local.INFO:8325 disconnected
[ 2018-12-26 13:49:33 ]local.INFO:8326 disconnected
[ 2018-12-26 13:54:49 ]local.INFO:8327 disconnected
[ 2018-12-26 14:53:10 ]local.INFO:8328 disconnected
[ 2018-12-26 15:46:39 ]local.INFO:8329 disconnected
[ 2018-12-26 16:24:08 ]local.INFO:8330 disconnected
[ 2018-12-26 16:48:35 ]local.INFO:8331 disconnected
[ 2018-12-26 16:51:48 ]local.INFO:8332 disconnected
[ 2018-12-26 17:00:58 ]local.INFO:8333 disconnected
[ 2018-12-26 17:05:08 ]local.INFO:8334 disconnected
[ 2018-12-26 17:35:12 ]local.INFO:8335 disconnected
[ 2018-12-26 18:05:41 ]local.INFO:8336 disconnected
[ 2018-12-26 18:55:51 ]local.INFO:8337 disconnected
[ 2018-12-26 18:55:52 ]local.INFO:8338 disconnected
[ 2018-12-26 19:45:02 ]local.INFO:8339 disconnected
[ 2018-12-26 20:10:15 ]local.INFO:8340 disconnected
[ 2018-12-26 20:27:37 ]local.INFO:8341 disconnected
[ 2018-12-26 20:36:17 ]local.INFO:8342 disconnected
[ 2018-12-26 21:11:42 ]local.INFO:8343 disconnected
[ 2018-12-26 21:19:05 ]local.INFO:8345 disconnected
[ 2018-12-26 21:54:32 ]local.INFO:8346 disconnected
