[ 2018-08-09 03:41:00 ]local.INFO:array (
  'remote_addr' => '113.215.164.88',
  'request_time' => '2018-08-09 03:40:59',
)
[ 2018-08-09 03:41:04 ]local.INFO:Task0Finished

[ 2018-08-09 03:41:09 ]local.INFO:1 disconnected
[ 2018-08-09 03:41:09 ]local.INFO:array (
  'remote_addr' => '113.215.164.88',
  'request_time' => '2018-08-09 03:41:08',
)
[ 2018-08-09 03:41:11 ]local.INFO:Task1Finished

[ 2018-08-09 03:41:38 ]local.INFO:array (
  'remote_addr' => '113.215.164.88',
  'request_time' => '2018-08-09 03:41:37',
)
[ 2018-08-09 03:41:41 ]local.INFO:Task0Finished

[ 2018-08-09 03:41:57 ]local.INFO:Task1Finished

[ 2018-08-09 03:42:08 ]local.INFO:2 disconnected
[ 2018-08-09 03:42:08 ]local.INFO:Task2Finished

[ 2018-08-09 03:44:01 ]local.INFO:array (
  'remote_addr' => '113.215.164.88',
  'request_time' => '2018-08-09 03:44:00',
)
[ 2018-08-09 03:44:13 ]local.INFO:4 disconnected
[ 2018-08-09 03:44:13 ]local.INFO:array (
  'remote_addr' => '113.215.164.88',
  'request_time' => '2018-08-09 03:44:12',
)
[ 2018-08-09 03:44:32 ]local.INFO:Task3Finished

[ 2018-08-09 03:44:33 ]local.INFO:5 disconnected
[ 2018-08-09 03:44:33 ]local.INFO:array (
  'remote_addr' => '113.215.164.88',
  'request_time' => '2018-08-09 03:44:33',
)
[ 2018-08-09 03:44:35 ]local.INFO:6 disconnected
[ 2018-08-09 03:45:05 ]local.INFO:3 disconnected
[ 2018-08-09 03:45:05 ]local.INFO:Task2Finished

[ 2018-08-09 03:53:29 ]local.INFO:array (
  'remote_addr' => '113.215.164.88',
  'request_time' => '2018-08-09 03:53:28',
)
[ 2018-08-09 03:55:15 ]local.INFO:7 disconnected
[ 2018-08-09 03:55:15 ]local.INFO:array (
  'remote_addr' => '113.215.164.88',
  'request_time' => '2018-08-09 03:55:14',
)
[ 2018-08-09 03:55:19 ]local.INFO:8 disconnected
[ 2018-08-09 03:58:33 ]local.INFO:array (
  'remote_addr' => '113.215.164.88',
  'request_time' => '2018-08-09 03:58:32',
)
[ 2018-08-09 03:58:35 ]local.INFO:9 disconnected
[ 2018-08-09 03:58:35 ]local.INFO:array (
  'remote_addr' => '113.215.164.88',
  'request_time' => '2018-08-09 03:58:34',
)
[ 2018-08-09 03:58:39 ]local.INFO:10 disconnected
[ 2018-08-09 03:58:39 ]local.INFO:array (
  'remote_addr' => '113.215.164.88',
  'request_time' => '2018-08-09 03:58:38',
)
[ 2018-08-09 03:59:01 ]local.INFO:11 disconnected
[ 2018-08-09 03:59:03 ]local.INFO:array (
  'remote_addr' => '113.215.164.88',
  'request_time' => '2018-08-09 03:59:02',
)
[ 2018-08-09 04:01:17 ]local.INFO:12 disconnected
[ 2018-08-09 04:01:33 ]local.INFO:array (
  'remote_addr' => '113.215.164.88',
  'request_time' => '2018-08-09 04:01:32',
)
[ 2018-08-09 04:01:42 ]local.INFO:13 disconnected
[ 2018-08-09 04:01:46 ]local.INFO:array (
  'remote_addr' => '113.215.164.88',
  'request_time' => '2018-08-09 04:01:45',
)
[ 2018-08-09 04:01:49 ]local.INFO:Task4Finished

[ 2018-08-09 04:01:59 ]local.INFO:Task5Finished

[ 2018-08-09 04:02:00 ]local.INFO:Task6Finished

[ 2018-08-09 04:02:01 ]local.INFO:Task7Finished

[ 2018-08-09 04:02:08 ]local.INFO:14 disconnected
[ 2018-08-09 04:02:08 ]local.INFO:Task8Finished

[ 2018-08-09 04:19:58 ]local.INFO:15 disconnected
[ 2018-08-09 04:22:55 ]local.INFO:16 disconnected
[ 2018-08-09 05:07:11 ]local.INFO:17 disconnected
[ 2018-08-09 05:11:24 ]local.INFO:18 disconnected
[ 2018-08-09 06:03:14 ]local.INFO:19 disconnected
[ 2018-08-09 06:03:19 ]local.INFO:20 disconnected
[ 2018-08-09 06:25:39 ]local.INFO:21 disconnected
[ 2018-08-09 08:11:13 ]local.INFO:22 disconnected
[ 2018-08-09 08:39:54 ]local.INFO:23 disconnected
[ 2018-08-09 09:34:36 ]local.INFO:24 disconnected
[ 2018-08-09 10:00:10 ]local.INFO:25 disconnected
[ 2018-08-09 10:14:21 ]local.INFO:26 disconnected
[ 2018-08-09 10:23:42 ]local.INFO:27 disconnected
[ 2018-08-09 10:52:29 ]local.INFO:28 disconnected
[ 2018-08-09 12:46:23 ]local.INFO:29 disconnected
[ 2018-08-09 12:46:29 ]local.INFO:30 disconnected
[ 2018-08-09 13:10:18 ]local.INFO:31 disconnected
[ 2018-08-09 13:22:09 ]local.INFO:32 disconnected
[ 2018-08-09 13:23:19 ]local.INFO:33 disconnected
[ 2018-08-09 13:45:19 ]local.INFO:34 disconnected
[ 2018-08-09 15:12:10 ]local.INFO:35 disconnected
[ 2018-08-09 16:18:23 ]local.INFO:36 disconnected
[ 2018-08-09 17:27:21 ]local.INFO:37 disconnected
[ 2018-08-09 17:55:42 ]local.INFO:38 disconnected
[ 2018-08-09 20:12:32 ]local.INFO:39 disconnected
[ 2018-08-09 20:16:59 ]local.INFO:40 disconnected
[ 2018-08-09 20:45:37 ]local.INFO:41 disconnected
[ 2018-08-09 21:45:23 ]local.INFO:42 disconnected
[ 2018-08-09 23:07:14 ]local.INFO:45 disconnected
[ 2018-08-09 23:07:19 ]local.INFO:43 disconnected
[ 2018-08-09 23:07:19 ]local.INFO:44 disconnected
