[ 2018-02-06 11:49:11 ]local.INFO:array (
  'remote_addr' => '218.75.77.146',
  'request_time' => '2018-02-06 11:49:11',
)
[ 2018-02-06 11:49:14 ]local.INFO:Task0Finished

[ 2018-02-06 11:49:24 ]local.INFO:Task1Finished

[ 2018-02-06 11:49:39 ]local.INFO:array (
  'remote_addr' => '218.75.77.146',
  'request_time' => '2018-02-06 11:49:39',
)
[ 2018-02-06 11:49:42 ]local.INFO:Task0Finished

[ 2018-02-06 11:49:46 ]local.INFO:Task1Finished

[ 2018-02-06 11:50:13 ]local.INFO:Task2Finished

[ 2018-02-06 11:50:23 ]local.INFO:array (
  'remote_addr' => '218.75.77.146',
  'request_time' => '2018-02-06 11:50:23',
)
[ 2018-02-06 11:50:26 ]local.INFO:Task0Finished

[ 2018-02-06 11:50:37 ]local.INFO:Task1Finished

[ 2018-02-06 11:50:52 ]local.INFO:3 disconnected
[ 2018-02-06 11:50:52 ]local.INFO:Task2Finished

[ 2018-02-06 11:51:32 ]local.INFO:array (
  'remote_addr' => '218.75.77.146',
  'request_time' => '2018-02-06 11:51:32',
)
