[ 2019-01-11 00:27:45 ]local.INFO:9311 disconnected
[ 2019-01-11 00:27:45 ]local.INFO:9312 disconnected
[ 2019-01-11 00:31:41 ]local.INFO:9313 disconnected
[ 2019-01-11 00:46:55 ]local.INFO:9314 disconnected
[ 2019-01-11 01:39:47 ]local.INFO:9315 disconnected
[ 2019-01-11 02:59:15 ]local.INFO:9316 disconnected
[ 2019-01-11 03:08:35 ]local.INFO:9317 disconnected
[ 2019-01-11 03:19:56 ]local.INFO:9320 disconnected
[ 2019-01-11 03:20:01 ]local.INFO:9318 disconnected
[ 2019-01-11 03:20:01 ]local.INFO:9319 disconnected
[ 2019-01-11 03:22:10 ]local.INFO:9321 disconnected
[ 2019-01-11 03:22:10 ]local.INFO:9322 disconnected
[ 2019-01-11 04:17:47 ]local.INFO:9323 disconnected
[ 2019-01-11 04:25:32 ]local.INFO:9324 disconnected
[ 2019-01-11 04:25:36 ]local.INFO:9325 disconnected
[ 2019-01-11 04:25:47 ]local.INFO:9326 disconnected
[ 2019-01-11 04:25:57 ]local.INFO:9327 disconnected
[ 2019-01-11 04:26:08 ]local.INFO:9328 disconnected
[ 2019-01-11 06:51:59 ]local.INFO:9329 disconnected
[ 2019-01-11 07:34:03 ]local.INFO:array (
  'remote_addr' => '113.215.163.245',
  'request_time' => '2019-01-11 07:34:03',
)
[ 2019-01-11 07:34:10 ]local.INFO:Task0Finished

[ 2019-01-11 07:49:09 ]local.INFO:9330 disconnected
[ 2019-01-11 07:49:09 ]local.INFO:Task1Finished

