[ 2018-08-10 00:17:32 ]local.INFO:46 disconnected
[ 2018-08-10 00:40:48 ]local.INFO:47 disconnected
[ 2018-08-10 00:53:29 ]local.INFO:48 disconnected
[ 2018-08-10 00:57:47 ]local.INFO:49 disconnected
[ 2018-08-10 02:10:13 ]local.INFO:50 disconnected
[ 2018-08-10 02:58:17 ]local.INFO:array (
  'remote_addr' => '113.215.164.88',
  'request_time' => '2018-08-10 02:58:17',
)
[ 2018-08-10 02:58:20 ]local.INFO:Task9Finished

[ 2018-08-10 02:58:21 ]local.INFO:51 disconnected
[ 2018-08-10 02:58:21 ]local.INFO:array (
  'remote_addr' => '113.215.164.88',
  'request_time' => '2018-08-10 02:58:20',
)
[ 2018-08-10 02:58:23 ]local.INFO:Task10Finished

[ 2018-08-10 02:58:27 ]local.INFO:52 disconnected
[ 2018-08-10 02:58:27 ]local.INFO:Task11Finished

[ 2018-08-10 03:32:44 ]local.INFO:53 disconnected
[ 2018-08-10 04:02:14 ]local.INFO:54 disconnected
[ 2018-08-10 05:15:12 ]local.INFO:55 disconnected
[ 2018-08-10 05:20:54 ]local.INFO:56 disconnected
[ 2018-08-10 05:59:41 ]local.INFO:57 disconnected
[ 2018-08-10 06:40:39 ]local.INFO:58 disconnected
[ 2018-08-10 06:53:57 ]local.INFO:59 disconnected
[ 2018-08-10 07:38:02 ]local.INFO:60 disconnected
[ 2018-08-10 08:19:43 ]local.INFO:61 disconnected
[ 2018-08-10 08:26:26 ]local.INFO:62 disconnected
[ 2018-08-10 09:00:45 ]local.INFO:63 disconnected
[ 2018-08-10 09:06:01 ]local.INFO:64 disconnected
[ 2018-08-10 09:08:20 ]local.INFO:65 disconnected
[ 2018-08-10 09:27:58 ]local.INFO:66 disconnected
[ 2018-08-10 09:55:52 ]local.INFO:67 disconnected
[ 2018-08-10 11:15:58 ]local.INFO:68 disconnected
[ 2018-08-10 11:23:10 ]local.INFO:69 disconnected
[ 2018-08-10 11:36:23 ]local.INFO:70 disconnected
[ 2018-08-10 12:17:07 ]local.INFO:71 disconnected
[ 2018-08-10 13:58:48 ]local.INFO:72 disconnected
[ 2018-08-10 14:26:59 ]local.INFO:73 disconnected
[ 2018-08-10 14:46:41 ]local.INFO:74 disconnected
[ 2018-08-10 15:18:38 ]local.INFO:75 disconnected
[ 2018-08-10 16:47:11 ]local.INFO:76 disconnected
[ 2018-08-10 16:53:05 ]local.INFO:77 disconnected
[ 2018-08-10 18:35:59 ]local.INFO:78 disconnected
[ 2018-08-10 19:26:08 ]local.INFO:79 disconnected
[ 2018-08-10 20:21:38 ]local.INFO:80 disconnected
[ 2018-08-10 20:29:30 ]local.INFO:81 disconnected
[ 2018-08-10 20:29:30 ]local.INFO:82 disconnected
[ 2018-08-10 20:29:31 ]local.INFO:83 disconnected
[ 2018-08-10 20:29:31 ]local.INFO:84 disconnected
[ 2018-08-10 20:29:32 ]local.INFO:85 disconnected
[ 2018-08-10 20:29:32 ]local.INFO:86 disconnected
[ 2018-08-10 20:29:33 ]local.INFO:87 disconnected
[ 2018-08-10 20:29:33 ]local.INFO:88 disconnected
[ 2018-08-10 20:29:34 ]local.INFO:89 disconnected
[ 2018-08-10 20:29:34 ]local.INFO:90 disconnected
[ 2018-08-10 20:29:35 ]local.INFO:91 disconnected
[ 2018-08-10 20:29:35 ]local.INFO:92 disconnected
[ 2018-08-10 20:29:36 ]local.INFO:93 disconnected
[ 2018-08-10 20:55:21 ]local.INFO:94 disconnected
[ 2018-08-10 22:46:09 ]local.INFO:95 disconnected
[ 2018-08-10 23:03:09 ]local.INFO:96 disconnected
[ 2018-08-10 23:29:28 ]local.INFO:97 disconnected
[ 2018-08-10 23:55:26 ]local.INFO:98 disconnected
