[ 2018-08-29 00:28:46 ]local.INFO:1264 disconnected
[ 2018-08-29 00:29:44 ]local.INFO:1265 disconnected
[ 2018-08-29 00:36:52 ]local.INFO:1266 disconnected
[ 2018-08-29 01:22:38 ]local.INFO:1267 disconnected
[ 2018-08-29 01:24:28 ]local.INFO:1268 disconnected
[ 2018-08-29 01:24:28 ]local.INFO:1269 disconnected
[ 2018-08-29 01:56:42 ]local.INFO:1270 disconnected
[ 2018-08-29 02:55:54 ]local.INFO:1271 disconnected
[ 2018-08-29 03:14:46 ]local.INFO:1272 disconnected
[ 2018-08-29 03:24:11 ]local.INFO:1273 disconnected
[ 2018-08-29 03:31:28 ]local.INFO:1274 disconnected
[ 2018-08-29 03:35:38 ]local.INFO:1275 disconnected
[ 2018-08-29 04:00:37 ]local.INFO:1276 disconnected
[ 2018-08-29 04:00:38 ]local.INFO:1277 disconnected
[ 2018-08-29 04:00:38 ]local.INFO:1278 disconnected
[ 2018-08-29 04:00:59 ]local.INFO:1279 disconnected
[ 2018-08-29 04:01:20 ]local.INFO:1280 disconnected
[ 2018-08-29 04:17:27 ]local.INFO:1281 disconnected
[ 2018-08-29 04:17:28 ]local.INFO:1282 disconnected
[ 2018-08-29 04:17:28 ]local.INFO:1283 disconnected
[ 2018-08-29 04:17:28 ]local.INFO:1284 disconnected
[ 2018-08-29 04:17:32 ]local.INFO:1285 disconnected
[ 2018-08-29 04:17:33 ]local.INFO:1286 disconnected
[ 2018-08-29 04:17:33 ]local.INFO:1287 disconnected
[ 2018-08-29 04:17:36 ]local.INFO:1288 disconnected
[ 2018-08-29 04:17:36 ]local.INFO:1289 disconnected
[ 2018-08-29 04:17:36 ]local.INFO:1290 disconnected
[ 2018-08-29 05:05:16 ]local.INFO:1291 disconnected
[ 2018-08-29 06:09:47 ]local.INFO:1292 disconnected
[ 2018-08-29 06:12:16 ]local.INFO:1293 disconnected
[ 2018-08-29 06:15:42 ]local.INFO:1294 disconnected
[ 2018-08-29 06:18:09 ]local.INFO:1295 disconnected
[ 2018-08-29 06:33:09 ]local.INFO:1296 disconnected
[ 2018-08-29 07:38:05 ]local.INFO:1297 disconnected
[ 2018-08-29 08:21:12 ]local.INFO:1298 disconnected
[ 2018-08-29 09:03:54 ]local.INFO:1299 disconnected
[ 2018-08-29 09:03:54 ]local.INFO:1300 disconnected
[ 2018-08-29 09:03:55 ]local.INFO:1301 disconnected
[ 2018-08-29 09:03:55 ]local.INFO:1302 disconnected
[ 2018-08-29 09:03:56 ]local.INFO:1303 disconnected
[ 2018-08-29 09:03:56 ]local.INFO:1304 disconnected
[ 2018-08-29 09:03:58 ]local.INFO:1305 disconnected
[ 2018-08-29 09:04:00 ]local.INFO:1306 disconnected
[ 2018-08-29 09:04:01 ]local.INFO:1307 disconnected
[ 2018-08-29 09:04:03 ]local.INFO:1308 disconnected
[ 2018-08-29 09:04:05 ]local.INFO:1309 disconnected
[ 2018-08-29 09:04:05 ]local.INFO:1310 disconnected
[ 2018-08-29 09:04:05 ]local.INFO:1311 disconnected
[ 2018-08-29 09:04:07 ]local.INFO:1312 disconnected
[ 2018-08-29 09:04:09 ]local.INFO:1313 disconnected
[ 2018-08-29 09:04:09 ]local.INFO:1314 disconnected
[ 2018-08-29 09:04:10 ]local.INFO:1315 disconnected
[ 2018-08-29 09:04:10 ]local.INFO:1316 disconnected
[ 2018-08-29 09:04:10 ]local.INFO:1317 disconnected
[ 2018-08-29 09:04:12 ]local.INFO:1318 disconnected
[ 2018-08-29 09:04:14 ]local.INFO:1319 disconnected
[ 2018-08-29 09:04:14 ]local.INFO:1320 disconnected
[ 2018-08-29 09:04:16 ]local.INFO:1321 disconnected
[ 2018-08-29 09:04:16 ]local.INFO:1322 disconnected
[ 2018-08-29 09:04:17 ]local.INFO:1323 disconnected
[ 2018-08-29 09:04:19 ]local.INFO:1324 disconnected
[ 2018-08-29 09:04:19 ]local.INFO:1325 disconnected
[ 2018-08-29 09:04:19 ]local.INFO:1326 disconnected
[ 2018-08-29 09:04:21 ]local.INFO:1327 disconnected
[ 2018-08-29 09:04:21 ]local.INFO:1328 disconnected
[ 2018-08-29 09:04:22 ]local.INFO:1329 disconnected
[ 2018-08-29 09:04:22 ]local.INFO:1330 disconnected
[ 2018-08-29 09:04:23 ]local.INFO:1331 disconnected
[ 2018-08-29 09:04:23 ]local.INFO:1332 disconnected
[ 2018-08-29 09:04:23 ]local.INFO:1333 disconnected
[ 2018-08-29 09:08:51 ]local.INFO:1334 disconnected
[ 2018-08-29 09:26:12 ]local.INFO:1335 disconnected
[ 2018-08-29 09:46:43 ]local.INFO:1336 disconnected
[ 2018-08-29 09:55:57 ]local.INFO:array (
  'remote_addr' => '113.215.162.63',
  'request_time' => '2018-08-29 09:55:56',
)
[ 2018-08-29 09:56:03 ]local.INFO:Task12Finished

[ 2018-08-29 09:56:09 ]local.INFO:Task13Finished

[ 2018-08-29 09:56:11 ]local.INFO:1337 disconnected
[ 2018-08-29 09:56:11 ]local.INFO:Task14Finished

[ 2018-08-29 11:28:22 ]local.INFO:1338 disconnected
[ 2018-08-29 11:28:30 ]local.INFO:1339 disconnected
[ 2018-08-29 11:28:42 ]local.INFO:1340 disconnected
[ 2018-08-29 11:35:51 ]local.INFO:1341 disconnected
[ 2018-08-29 11:37:31 ]local.INFO:1342 disconnected
[ 2018-08-29 11:37:38 ]local.INFO:1343 disconnected
[ 2018-08-29 11:37:49 ]local.INFO:1344 disconnected
[ 2018-08-29 11:47:29 ]local.INFO:1345 disconnected
[ 2018-08-29 12:48:12 ]local.INFO:1346 disconnected
[ 2018-08-29 13:44:04 ]local.INFO:1347 disconnected
[ 2018-08-29 13:44:04 ]local.INFO:1348 disconnected
[ 2018-08-29 14:55:08 ]local.INFO:1349 disconnected
[ 2018-08-29 15:11:40 ]local.INFO:1350 disconnected
[ 2018-08-29 15:11:41 ]local.INFO:1351 disconnected
[ 2018-08-29 15:11:41 ]local.INFO:1352 disconnected
[ 2018-08-29 15:11:42 ]local.INFO:1353 disconnected
[ 2018-08-29 15:11:43 ]local.INFO:1354 disconnected
[ 2018-08-29 15:11:43 ]local.INFO:1355 disconnected
[ 2018-08-29 15:11:44 ]local.INFO:1356 disconnected
[ 2018-08-29 15:47:25 ]local.INFO:1357 disconnected
[ 2018-08-29 15:47:25 ]local.INFO:1358 disconnected
[ 2018-08-29 15:47:26 ]local.INFO:1359 disconnected
[ 2018-08-29 17:21:08 ]local.INFO:1360 disconnected
[ 2018-08-29 19:13:54 ]local.INFO:1362 disconnected
[ 2018-08-29 19:13:56 ]local.INFO:1361 disconnected
[ 2018-08-29 19:53:11 ]local.INFO:1363 disconnected
[ 2018-08-29 20:29:44 ]local.INFO:1364 disconnected
[ 2018-08-29 20:47:44 ]local.INFO:1365 disconnected
[ 2018-08-29 20:52:32 ]local.INFO:1366 disconnected
[ 2018-08-29 21:14:13 ]local.INFO:1367 disconnected
[ 2018-08-29 21:28:20 ]local.INFO:1368 disconnected
[ 2018-08-29 21:59:46 ]local.INFO:1369 disconnected
[ 2018-08-29 22:16:31 ]local.INFO:1370 disconnected
[ 2018-08-29 22:28:00 ]local.INFO:1371 disconnected
[ 2018-08-29 23:16:02 ]local.INFO:1372 disconnected
[ 2018-08-29 23:18:35 ]local.INFO:1373 disconnected
[ 2018-08-29 23:43:13 ]local.INFO:1374 disconnected
[ 2018-08-29 23:43:14 ]local.INFO:1375 disconnected
